2016-08-12 15:47:43,832 [Worker-2] INFO  c.g.t.t.d.PublishedGradleVersions - Gradle version information cache is out-of-date. Trying to update.
2016-08-12 15:50:03,741 [Worker-3] INFO  c.g.t.t.d.PublishedGradleVersions - Gradle version information cache is up-to-date. Trying to read.
2016-08-15 14:59:21,256 [Worker-59] INFO  o.e.m.c.i.l.LifecycleMappingFactory - Using org.maven.ide.eclipse.wtp.WarLifecycleMapping lifecycle mapping for MavenProject: com.docker:UserSignup:0.0.1-SNAPSHOT @ /Users/sophiaparafina/git/registration-docker/app/pom.xml.
2016-08-15 14:59:22,216 [Worker-59] INFO  o.e.m.j.i.AbstractJavaProjectConfigurator - Adding source folder /app/src/main/java
2016-08-15 14:59:22,217 [Worker-59] INFO  o.e.m.j.i.AbstractJavaProjectConfigurator - Adding resource folder /app/src/main/resources
2016-08-15 14:59:22,217 [Worker-59] INFO  o.e.m.j.i.AbstractJavaProjectConfigurator - Adding source folder /app/src/test/java
2016-08-15 14:59:24,542 [Worker-59] INFO  o.e.m.c.i.p.ProjectConfigurationManager - Imported and configured 1 project(s) in 4 sec
2016-08-15 14:59:26,464 [Worker-80] WARN  o.e.m.c.i.embedder.EclipseLogger - Using platform encoding (UTF-8 actually) to copy filtered resources, i.e. build is platform dependent!
2016-08-15 14:59:26,471 [Worker-80] INFO  o.e.m.c.i.embedder.EclipseLogger - Copying 3 resources
2016-08-15 14:59:26,480 [Worker-80] WARN  o.e.m.c.i.embedder.EclipseLogger - Using platform encoding (UTF-8 actually) to copy filtered resources, i.e. build is platform dependent!
2016-08-15 14:59:26,480 [Worker-80] INFO  o.e.m.c.i.embedder.EclipseLogger - skip non existing resourceDirectory /Users/sophiaparafina/git/registration-docker/app/src/test/resources
2016-08-15 14:59:38,834 [Worker-77] WARN  o.e.m.c.i.embedder.EclipseLogger - Using platform encoding (UTF-8 actually) to copy filtered resources, i.e. build is platform dependent!
2016-08-15 14:59:38,836 [Worker-77] INFO  o.e.m.c.i.embedder.EclipseLogger - Copying 0 resource
2016-08-15 14:59:38,838 [Worker-77] WARN  o.e.m.c.i.embedder.EclipseLogger - Using platform encoding (UTF-8 actually) to copy filtered resources, i.e. build is platform dependent!
2016-08-15 14:59:38,838 [Worker-77] INFO  o.e.m.c.i.embedder.EclipseLogger - skip non existing resourceDirectory /Users/sophiaparafina/git/registration-docker/app/src/test/resources
2016-08-15 15:10:06,442 [Worker-83] INFO  o.e.m.i.launch.MavenLaunchDelegate - /Users/sophiaparafina/git/registration-docker/app
2016-08-15 15:10:06,444 [Worker-83] INFO  o.e.m.i.launch.MavenLaunchDelegate -  mvn -B clean install
2016-08-15 15:12:37,007 [Worker-59] WARN  o.e.m.c.i.embedder.EclipseLogger - Using platform encoding (UTF-8 actually) to copy filtered resources, i.e. build is platform dependent!
2016-08-15 15:12:37,011 [Worker-59] INFO  o.e.m.c.i.embedder.EclipseLogger - Copying 3 resources
2016-08-15 15:12:37,013 [Worker-59] WARN  o.e.m.c.i.embedder.EclipseLogger - Using platform encoding (UTF-8 actually) to copy filtered resources, i.e. build is platform dependent!
2016-08-15 15:12:37,013 [Worker-59] INFO  o.e.m.c.i.embedder.EclipseLogger - skip non existing resourceDirectory /Users/sophiaparafina/git/registration-docker/app/src/test/resources
2016-08-15 15:46:06,701 [Worker-59] WARN  o.e.m.c.i.embedder.EclipseLogger - Using platform encoding (UTF-8 actually) to copy filtered resources, i.e. build is platform dependent!
2016-08-15 15:46:06,709 [Worker-59] INFO  o.e.m.c.i.embedder.EclipseLogger - Copying 3 resources
2016-08-15 15:46:06,711 [Worker-59] WARN  o.e.m.c.i.embedder.EclipseLogger - Using platform encoding (UTF-8 actually) to copy filtered resources, i.e. build is platform dependent!
2016-08-15 15:46:06,711 [Worker-59] INFO  o.e.m.c.i.embedder.EclipseLogger - skip non existing resourceDirectory /Users/sophiaparafina/git/registration-docker/app/src/test/resources
2016-08-15 15:46:06,721 [Worker-59] INFO  o.e.m.w.i.f.ResourceFilteringBuildParticipant - Changed resources require a complete clean of filtered resources of app
2016-08-15 15:46:06,723 [Worker-59] INFO  o.e.m.w.i.f.ResourceFilteringBuildParticipant - Executing resource filtering for app
2016-08-15 15:46:06,772 [Worker-59] WARN  o.e.m.c.i.embedder.EclipseLogger - Using platform encoding (UTF-8 actually) to copy filtered resources, i.e. build is platform dependent!
2016-08-16 10:02:54,481 [Worker-318] WARN  o.e.m.c.i.embedder.EclipseLogger - Using platform encoding (UTF-8 actually) to copy filtered resources, i.e. build is platform dependent!
2016-08-16 10:02:54,492 [Worker-318] INFO  o.e.m.c.i.embedder.EclipseLogger - Copying 0 resource
2016-08-16 10:02:54,498 [Worker-318] WARN  o.e.m.c.i.embedder.EclipseLogger - Using platform encoding (UTF-8 actually) to copy filtered resources, i.e. build is platform dependent!
2016-08-16 10:02:54,499 [Worker-318] INFO  o.e.m.c.i.embedder.EclipseLogger - skip non existing resourceDirectory /Users/sophiaparafina/git/registration-docker/app/src/test/resources
2016-08-17 10:25:07,318 [Worker-760] INFO  o.e.m.i.launch.MavenLaunchDelegate - /Users/sophiaparafina/git/registration-docker/app
2016-08-17 10:25:07,329 [Worker-760] INFO  o.e.m.i.launch.MavenLaunchDelegate -  mvn -B clean install
2016-08-17 11:03:03,214 [Worker-771] WARN  o.e.m.c.i.embedder.EclipseLogger - Using platform encoding (UTF-8 actually) to copy filtered resources, i.e. build is platform dependent!
2016-08-17 11:03:03,222 [Worker-771] INFO  o.e.m.c.i.embedder.EclipseLogger - Copying 3 resources
2016-08-17 11:03:03,224 [Worker-771] WARN  o.e.m.c.i.embedder.EclipseLogger - Using platform encoding (UTF-8 actually) to copy filtered resources, i.e. build is platform dependent!
2016-08-17 11:03:03,225 [Worker-771] INFO  o.e.m.c.i.embedder.EclipseLogger - skip non existing resourceDirectory /Users/sophiaparafina/git/registration-docker/app/src/test/resources
2016-08-17 11:03:03,226 [Worker-771] INFO  o.e.m.w.i.f.ResourceFilteringBuildParticipant - Changed resources require a complete clean of filtered resources of app
2016-08-17 11:03:03,227 [Worker-771] INFO  o.e.m.w.i.f.ResourceFilteringBuildParticipant - Executing resource filtering for app
2016-08-17 11:03:03,246 [Worker-771] WARN  o.e.m.c.i.embedder.EclipseLogger - Using platform encoding (UTF-8 actually) to copy filtered resources, i.e. build is platform dependent!
2016-08-17 12:26:37,530 [Worker-6] WARN  o.e.m.c.i.embedder.EclipseLogger - Using platform encoding (UTF-8 actually) to copy filtered resources, i.e. build is platform dependent!
2016-08-17 12:26:37,544 [Worker-6] INFO  o.e.m.c.i.embedder.EclipseLogger - Copying 3 resources
2016-08-17 12:26:37,550 [Worker-6] WARN  o.e.m.c.i.embedder.EclipseLogger - Using platform encoding (UTF-8 actually) to copy filtered resources, i.e. build is platform dependent!
2016-08-17 12:26:37,550 [Worker-6] INFO  o.e.m.c.i.embedder.EclipseLogger - skip non existing resourceDirectory /Users/sophiaparafina/git/registration-docker/app/src/test/resources
2016-08-17 12:28:37,037 [Worker-12] WARN  o.e.m.c.i.embedder.EclipseLogger - Using platform encoding (UTF-8 actually) to copy filtered resources, i.e. build is platform dependent!
2016-08-17 12:28:37,041 [Worker-12] INFO  o.e.m.c.i.embedder.EclipseLogger - Copying 0 resource
2016-08-17 12:28:37,042 [Worker-12] WARN  o.e.m.c.i.embedder.EclipseLogger - Using platform encoding (UTF-8 actually) to copy filtered resources, i.e. build is platform dependent!
2016-08-17 12:28:37,043 [Worker-12] INFO  o.e.m.c.i.embedder.EclipseLogger - skip non existing resourceDirectory /Users/sophiaparafina/git/registration-docker/app/src/test/resources
2016-08-17 14:10:10,670 [Worker-43] WARN  o.e.m.c.i.embedder.EclipseLogger - Using platform encoding (UTF-8 actually) to copy filtered resources, i.e. build is platform dependent!
2016-08-17 14:10:10,700 [Worker-43] INFO  o.e.m.c.i.embedder.EclipseLogger - Copying 0 resource
2016-08-17 14:10:10,702 [Worker-43] WARN  o.e.m.c.i.embedder.EclipseLogger - Using platform encoding (UTF-8 actually) to copy filtered resources, i.e. build is platform dependent!
2016-08-17 14:10:10,703 [Worker-43] INFO  o.e.m.c.i.embedder.EclipseLogger - skip non existing resourceDirectory /Users/sophiaparafina/git/registration-docker/app/src/test/resources
